[debug] [2021-07-12T12:45:48.521Z] ----------------------------------------------------------------------
[debug] [2021-07-12T12:45:48.525Z] Command:       C:\Program Files\nodejs\node.exe C:\Users\ndavisjr\AppData\Roaming\npm\node_modules\firebase-tools\lib\bin\firebase.js init
[debug] [2021-07-12T12:45:48.526Z] CLI Version:   9.15.1
[debug] [2021-07-12T12:45:48.526Z] Platform:      win32
[debug] [2021-07-12T12:45:48.526Z] Node Version:  v14.17.1
[debug] [2021-07-12T12:45:48.528Z] Time:          Mon Jul 12 2021 07:45:48 GMT-0500 (Central Daylight Time)
[debug] [2021-07-12T12:45:48.528Z] ----------------------------------------------------------------------
[debug] 
[debug] [2021-07-12T12:45:48.591Z] > command requires scopes: ["email","openid","https://www.googleapis.com/auth/cloudplatformprojects.readonly","https://www.googleapis.com/auth/firebase","https://www.googleapis.com/auth/cloud-platform"]
[debug] [2021-07-12T12:45:48.591Z] > authorizing via signed-in user (ndavisjr@gmail.com)
[info] 
     ######## #### ########  ######## ########     ###     ######  ########
     ##        ##  ##     ## ##       ##     ##  ##   ##  ##       ##
     ######    ##  ########  ######   ########  #########  ######  ######
     ##        ##  ##    ##  ##       ##     ## ##     ##       ## ##
     ##       #### ##     ## ######## ########  ##     ##  ######  ########

You're about to initialize a Firebase project in this directory:

  C:\Users\ndavisjr\Desktop\nd-weather

Before we get started, keep in mind:

  * You are initializing within an existing Firebase project directory

